<?xml version="1.0" encoding="UTF-8"?>
<!-- Generated by org.testng.reporters.JUnitReportReporter -->
<testsuite hostname="BishnuDas" name="testmvn.HelloWorld" tests="1" failures="0" timestamp="11 Mar 2014 12:57:50 GMT" time="10.521" errors="0">
  <testcase name="testGoogle" time="10.521" classname="testmvn.HelloWorld"/>
</testsuite> <!-- testmvn.HelloWorld -->
